{"total": {"lines":{"total":1576,"covered":1371,"skipped":0,"pct":86.99},"statements":{"total":1578,"covered":1373,"skipped":0,"pct":87.01},"functions":{"total":336,"covered":278,"skipped":0,"pct":82.74},"branches":{"total":513,"covered":418,"skipped":0,"pct":81.48}}
,"/Users/zachleat/Code/eleventy/config.js": {"lines":{"total":6,"covered":6,"skipped":0,"pct":100},"functions":{"total":1,"covered":1,"skipped":0,"pct":100},"statements":{"total":6,"covered":6,"skipped":0,"pct":100},"branches":{"total":0,"covered":0,"skipped":0,"pct":100}}
,"/Users/zachleat/Code/eleventy/src/Config.js": {"lines":{"total":5,"covered":5,"skipped":0,"pct":100},"functions":{"total":0,"covered":0,"skipped":0,"pct":100},"statements":{"total":5,"covered":5,"skipped":0,"pct":100},"branches":{"total":0,"covered":0,"skipped":0,"pct":100}}
,"/Users/zachleat/Code/eleventy/src/Eleventy.js": {"lines":{"total":155,"covered":84,"skipped":0,"pct":54.19},"functions":{"total":21,"covered":7,"skipped":0,"pct":33.33},"statements":{"total":155,"covered":84,"skipped":0,"pct":54.19},"branches":{"total":34,"covered":10,"skipped":0,"pct":29.41}}
,"/Users/zachleat/Code/eleventy/src/EleventyCommandCheck.js": {"lines":{"total":27,"covered":27,"skipped":0,"pct":100},"functions":{"total":5,"covered":5,"skipped":0,"pct":100},"statements":{"total":27,"covered":27,"skipped":0,"pct":100},"branches":{"total":8,"covered":7,"skipped":0,"pct":87.5}}
,"/Users/zachleat/Code/eleventy/src/EleventyConfig.js": {"lines":{"total":2,"covered":2,"skipped":0,"pct":100},"functions":{"total":0,"covered":0,"skipped":0,"pct":100},"statements":{"total":2,"covered":2,"skipped":0,"pct":100},"branches":{"total":0,"covered":0,"skipped":0,"pct":100}}
,"/Users/zachleat/Code/eleventy/src/EleventyError.js": {"lines":{"total":12,"covered":12,"skipped":0,"pct":100},"functions":{"total":5,"covered":5,"skipped":0,"pct":100},"statements":{"total":12,"covered":12,"skipped":0,"pct":100},"branches":{"total":2,"covered":2,"skipped":0,"pct":100}}
,"/Users/zachleat/Code/eleventy/src/Template.js": {"lines":{"total":247,"covered":223,"skipped":0,"pct":90.28},"functions":{"total":42,"covered":34,"skipped":0,"pct":80.95},"statements":{"total":247,"covered":223,"skipped":0,"pct":90.28},"branches":{"total":95,"covered":79,"skipped":0,"pct":83.16}}
,"/Users/zachleat/Code/eleventy/src/TemplateCache.js": {"lines":{"total":9,"covered":9,"skipped":0,"pct":100},"functions":{"total":6,"covered":6,"skipped":0,"pct":100},"statements":{"total":9,"covered":9,"skipped":0,"pct":100},"branches":{"total":2,"covered":2,"skipped":0,"pct":100}}
,"/Users/zachleat/Code/eleventy/src/TemplateCollection.js": {"lines":{"total":28,"covered":26,"skipped":0,"pct":92.86},"functions":{"total":11,"covered":10,"skipped":0,"pct":90.91},"statements":{"total":29,"covered":27,"skipped":0,"pct":93.1},"branches":{"total":12,"covered":10,"skipped":0,"pct":83.33}}
,"/Users/zachleat/Code/eleventy/src/TemplateConfig.js": {"lines":{"total":54,"covered":46,"skipped":0,"pct":85.19},"functions":{"total":8,"covered":5,"skipped":0,"pct":62.5},"statements":{"total":54,"covered":46,"skipped":0,"pct":85.19},"branches":{"total":18,"covered":17,"skipped":0,"pct":94.44}}
,"/Users/zachleat/Code/eleventy/src/TemplateData.js": {"lines":{"total":122,"covered":119,"skipped":0,"pct":97.54},"functions":{"total":18,"covered":18,"skipped":0,"pct":100},"statements":{"total":122,"covered":119,"skipped":0,"pct":97.54},"branches":{"total":32,"covered":25,"skipped":0,"pct":78.13}}
,"/Users/zachleat/Code/eleventy/src/TemplateGlob.js": {"lines":{"total":15,"covered":14,"skipped":0,"pct":93.33},"functions":{"total":4,"covered":4,"skipped":0,"pct":100},"statements":{"total":15,"covered":14,"skipped":0,"pct":93.33},"branches":{"total":8,"covered":7,"skipped":0,"pct":87.5}}
,"/Users/zachleat/Code/eleventy/src/TemplateLayout.js": {"lines":{"total":38,"covered":37,"skipped":0,"pct":97.37},"functions":{"total":7,"covered":7,"skipped":0,"pct":100},"statements":{"total":38,"covered":37,"skipped":0,"pct":97.37},"branches":{"total":16,"covered":15,"skipped":0,"pct":93.75}}
,"/Users/zachleat/Code/eleventy/src/TemplateMap.js": {"lines":{"total":70,"covered":68,"skipped":0,"pct":97.14},"functions":{"total":13,"covered":13,"skipped":0,"pct":100},"statements":{"total":70,"covered":68,"skipped":0,"pct":97.14},"branches":{"total":12,"covered":10,"skipped":0,"pct":83.33}}
,"/Users/zachleat/Code/eleventy/src/TemplatePassthrough.js": {"lines":{"total":12,"covered":10,"skipped":0,"pct":83.33},"functions":{"total":4,"covered":3,"skipped":0,"pct":75},"statements":{"total":12,"covered":10,"skipped":0,"pct":83.33},"branches":{"total":2,"covered":0,"skipped":0,"pct":0}}
,"/Users/zachleat/Code/eleventy/src/TemplatePath.js": {"lines":{"total":56,"covered":55,"skipped":0,"pct":98.21},"functions":{"total":12,"covered":11,"skipped":0,"pct":91.67},"statements":{"total":56,"covered":55,"skipped":0,"pct":98.21},"branches":{"total":35,"covered":34,"skipped":0,"pct":97.14}}
,"/Users/zachleat/Code/eleventy/src/TemplatePermalink.js": {"lines":{"total":31,"covered":31,"skipped":0,"pct":100},"functions":{"total":7,"covered":7,"skipped":0,"pct":100},"statements":{"total":31,"covered":31,"skipped":0,"pct":100},"branches":{"total":20,"covered":20,"skipped":0,"pct":100}}
,"/Users/zachleat/Code/eleventy/src/TemplateRender.js": {"lines":{"total":81,"covered":80,"skipped":0,"pct":98.77},"functions":{"total":17,"covered":17,"skipped":0,"pct":100},"statements":{"total":81,"covered":80,"skipped":0,"pct":98.77},"branches":{"total":38,"covered":36,"skipped":0,"pct":94.74}}
,"/Users/zachleat/Code/eleventy/src/TemplateWriter.js": {"lines":{"total":155,"covered":103,"skipped":0,"pct":66.45},"functions":{"total":27,"covered":15,"skipped":0,"pct":55.56},"statements":{"total":155,"covered":103,"skipped":0,"pct":66.45},"branches":{"total":32,"covered":20,"skipped":0,"pct":62.5}}
,"/Users/zachleat/Code/eleventy/src/UserConfig.js": {"lines":{"total":86,"covered":66,"skipped":0,"pct":76.74},"functions":{"total":27,"covered":18,"skipped":0,"pct":66.67},"statements":{"total":87,"covered":67,"skipped":0,"pct":77.01},"branches":{"total":28,"covered":16,"skipped":0,"pct":57.14}}
,"/Users/zachleat/Code/eleventy/src/Engines/Ejs.js": {"lines":{"total":22,"covered":21,"skipped":0,"pct":95.45},"functions":{"total":7,"covered":6,"skipped":0,"pct":85.71},"statements":{"total":22,"covered":21,"skipped":0,"pct":95.45},"branches":{"total":6,"covered":5,"skipped":0,"pct":83.33}}
,"/Users/zachleat/Code/eleventy/src/Engines/Haml.js": {"lines":{"total":10,"covered":10,"skipped":0,"pct":100},"functions":{"total":3,"covered":3,"skipped":0,"pct":100},"statements":{"total":10,"covered":10,"skipped":0,"pct":100},"branches":{"total":2,"covered":2,"skipped":0,"pct":100}}
,"/Users/zachleat/Code/eleventy/src/Engines/Handlebars.js": {"lines":{"total":18,"covered":18,"skipped":0,"pct":100},"functions":{"total":5,"covered":5,"skipped":0,"pct":100},"statements":{"total":18,"covered":18,"skipped":0,"pct":100},"branches":{"total":2,"covered":2,"skipped":0,"pct":100}}
,"/Users/zachleat/Code/eleventy/src/Engines/Html.js": {"lines":{"total":9,"covered":9,"skipped":0,"pct":100},"functions":{"total":3,"covered":3,"skipped":0,"pct":100},"statements":{"total":9,"covered":9,"skipped":0,"pct":100},"branches":{"total":2,"covered":2,"skipped":0,"pct":100}}
,"/Users/zachleat/Code/eleventy/src/Engines/JavaScript.js": {"lines":{"total":15,"covered":14,"skipped":0,"pct":93.33},"functions":{"total":2,"covered":2,"skipped":0,"pct":100},"statements":{"total":15,"covered":14,"skipped":0,"pct":93.33},"branches":{"total":2,"covered":2,"skipped":0,"pct":100}}
,"/Users/zachleat/Code/eleventy/src/Engines/Liquid.js": {"lines":{"total":34,"covered":34,"skipped":0,"pct":100},"functions":{"total":10,"covered":10,"skipped":0,"pct":100},"statements":{"total":34,"covered":34,"skipped":0,"pct":100},"branches":{"total":6,"covered":5,"skipped":0,"pct":83.33}}
,"/Users/zachleat/Code/eleventy/src/Engines/Markdown.js": {"lines":{"total":32,"covered":29,"skipped":0,"pct":90.63},"functions":{"total":8,"covered":7,"skipped":0,"pct":87.5},"statements":{"total":32,"covered":29,"skipped":0,"pct":90.63},"branches":{"total":14,"covered":11,"skipped":0,"pct":78.57}}
,"/Users/zachleat/Code/eleventy/src/Engines/Mustache.js": {"lines":{"total":12,"covered":12,"skipped":0,"pct":100},"functions":{"total":4,"covered":4,"skipped":0,"pct":100},"statements":{"total":12,"covered":12,"skipped":0,"pct":100},"branches":{"total":2,"covered":2,"skipped":0,"pct":100}}
,"/Users/zachleat/Code/eleventy/src/Engines/Nunjucks.js": {"lines":{"total":20,"covered":19,"skipped":0,"pct":95},"functions":{"total":7,"covered":7,"skipped":0,"pct":100},"statements":{"total":20,"covered":19,"skipped":0,"pct":95},"branches":{"total":4,"covered":3,"skipped":0,"pct":75}}
,"/Users/zachleat/Code/eleventy/src/Engines/Pug.js": {"lines":{"total":17,"covered":17,"skipped":0,"pct":100},"functions":{"total":5,"covered":5,"skipped":0,"pct":100},"statements":{"total":17,"covered":17,"skipped":0,"pct":100},"branches":{"total":4,"covered":3,"skipped":0,"pct":75}}
,"/Users/zachleat/Code/eleventy/src/Engines/TemplateEngine.js": {"lines":{"total":34,"covered":34,"skipped":0,"pct":100},"functions":{"total":11,"covered":11,"skipped":0,"pct":100},"statements":{"total":34,"covered":34,"skipped":0,"pct":100},"branches":{"total":6,"covered":6,"skipped":0,"pct":100}}
,"/Users/zachleat/Code/eleventy/src/Filters/Slug.js": {"lines":{"total":3,"covered":3,"skipped":0,"pct":100},"functions":{"total":1,"covered":1,"skipped":0,"pct":100},"statements":{"total":3,"covered":3,"skipped":0,"pct":100},"branches":{"total":0,"covered":0,"skipped":0,"pct":100}}
,"/Users/zachleat/Code/eleventy/src/Filters/Url.js": {"lines":{"total":18,"covered":18,"skipped":0,"pct":100},"functions":{"total":1,"covered":1,"skipped":0,"pct":100},"statements":{"total":18,"covered":18,"skipped":0,"pct":100},"branches":{"total":21,"covered":21,"skipped":0,"pct":100}}
,"/Users/zachleat/Code/eleventy/src/Plugins/Pagination.js": {"lines":{"total":69,"covered":65,"skipped":0,"pct":94.2},"functions":{"total":9,"covered":8,"skipped":0,"pct":88.89},"statements":{"total":69,"covered":65,"skipped":0,"pct":94.2},"branches":{"total":26,"covered":23,"skipped":0,"pct":88.46}}
,"/Users/zachleat/Code/eleventy/src/Util/Capitalize.js": {"lines":{"total":4,"covered":4,"skipped":0,"pct":100},"functions":{"total":2,"covered":2,"skipped":0,"pct":100},"statements":{"total":4,"covered":4,"skipped":0,"pct":100},"branches":{"total":2,"covered":2,"skipped":0,"pct":100}}
,"/Users/zachleat/Code/eleventy/src/Util/Pluralize.js": {"lines":{"total":2,"covered":2,"skipped":0,"pct":100},"functions":{"total":1,"covered":1,"skipped":0,"pct":100},"statements":{"total":2,"covered":2,"skipped":0,"pct":100},"branches":{"total":2,"covered":2,"skipped":0,"pct":100}}
,"/Users/zachleat/Code/eleventy/src/Util/Sortable.js": {"lines":{"total":46,"covered":39,"skipped":0,"pct":84.78},"functions":{"total":22,"covered":16,"skipped":0,"pct":72.73},"statements":{"total":46,"covered":39,"skipped":0,"pct":84.78},"branches":{"total":18,"covered":17,"skipped":0,"pct":94.44}}
}
