{"total": {"lines":{"total":2928,"covered":2569,"skipped":0,"pct":87.74},"statements":{"total":2946,"covered":2587,"skipped":0,"pct":87.81},"functions":{"total":694,"covered":604,"skipped":0,"pct":87.03},"branches":{"total":1243,"covered":991,"skipped":0,"pct":79.73}}
,"/Users/zachleat/Code/eleventy/config.js": {"lines":{"total":6,"covered":6,"skipped":0,"pct":100},"functions":{"total":1,"covered":1,"skipped":0,"pct":100},"statements":{"total":6,"covered":6,"skipped":0,"pct":100},"branches":{"total":0,"covered":0,"skipped":0,"pct":100}}
,"/Users/zachleat/Code/eleventy/src/Benchmark.js": {"lines":{"total":12,"covered":11,"skipped":0,"pct":91.67},"functions":{"total":6,"covered":5,"skipped":0,"pct":83.33},"statements":{"total":12,"covered":11,"skipped":0,"pct":91.67},"branches":{"total":6,"covered":4,"skipped":0,"pct":66.67}}
,"/Users/zachleat/Code/eleventy/src/BenchmarkGroup.js": {"lines":{"total":34,"covered":23,"skipped":0,"pct":67.65},"functions":{"total":7,"covered":5,"skipped":0,"pct":71.43},"statements":{"total":34,"covered":23,"skipped":0,"pct":67.65},"branches":{"total":10,"covered":3,"skipped":0,"pct":30}}
,"/Users/zachleat/Code/eleventy/src/BenchmarkManager.js": {"lines":{"total":17,"covered":13,"skipped":0,"pct":76.47},"functions":{"total":7,"covered":5,"skipped":0,"pct":71.43},"statements":{"total":17,"covered":13,"skipped":0,"pct":76.47},"branches":{"total":4,"covered":3,"skipped":0,"pct":75}}
,"/Users/zachleat/Code/eleventy/src/Config.js": {"lines":{"total":5,"covered":5,"skipped":0,"pct":100},"functions":{"total":0,"covered":0,"skipped":0,"pct":100},"statements":{"total":5,"covered":5,"skipped":0,"pct":100},"branches":{"total":0,"covered":0,"skipped":0,"pct":100}}
,"/Users/zachleat/Code/eleventy/src/Eleventy.js": {"lines":{"total":193,"covered":105,"skipped":0,"pct":54.4},"functions":{"total":34,"covered":19,"skipped":0,"pct":55.88},"statements":{"total":193,"covered":105,"skipped":0,"pct":54.4},"branches":{"total":73,"covered":27,"skipped":0,"pct":36.99}}
,"/Users/zachleat/Code/eleventy/src/EleventyBaseError.js": {"lines":{"total":6,"covered":6,"skipped":0,"pct":100},"functions":{"total":1,"covered":1,"skipped":0,"pct":100},"statements":{"total":6,"covered":6,"skipped":0,"pct":100},"branches":{"total":2,"covered":2,"skipped":0,"pct":100}}
,"/Users/zachleat/Code/eleventy/src/EleventyCommandCheck.js": {"lines":{"total":28,"covered":28,"skipped":0,"pct":100},"functions":{"total":5,"covered":5,"skipped":0,"pct":100},"statements":{"total":28,"covered":28,"skipped":0,"pct":100},"branches":{"total":8,"covered":7,"skipped":0,"pct":87.5}}
,"/Users/zachleat/Code/eleventy/src/EleventyConfig.js": {"lines":{"total":2,"covered":2,"skipped":0,"pct":100},"functions":{"total":0,"covered":0,"skipped":0,"pct":100},"statements":{"total":2,"covered":2,"skipped":0,"pct":100},"branches":{"total":0,"covered":0,"skipped":0,"pct":100}}
,"/Users/zachleat/Code/eleventy/src/EleventyErrorHandler.js": {"lines":{"total":39,"covered":35,"skipped":0,"pct":89.74},"functions":{"total":8,"covered":8,"skipped":0,"pct":100},"statements":{"total":39,"covered":35,"skipped":0,"pct":89.74},"branches":{"total":43,"covered":29,"skipped":0,"pct":67.44}}
,"/Users/zachleat/Code/eleventy/src/EleventyErrorUtil.js": {"lines":{"total":21,"covered":21,"skipped":0,"pct":100},"functions":{"total":7,"covered":7,"skipped":0,"pct":100},"statements":{"total":21,"covered":21,"skipped":0,"pct":100},"branches":{"total":19,"covered":19,"skipped":0,"pct":100}}
,"/Users/zachleat/Code/eleventy/src/EleventyExtensionMap.js": {"lines":{"total":60,"covered":58,"skipped":0,"pct":96.67},"functions":{"total":25,"covered":23,"skipped":0,"pct":92},"statements":{"total":60,"covered":58,"skipped":0,"pct":96.67},"branches":{"total":27,"covered":27,"skipped":0,"pct":100}}
,"/Users/zachleat/Code/eleventy/src/EleventyFiles.js": {"lines":{"total":137,"covered":130,"skipped":0,"pct":94.89},"functions":{"total":37,"covered":33,"skipped":0,"pct":89.19},"statements":{"total":137,"covered":130,"skipped":0,"pct":94.89},"branches":{"total":51,"covered":47,"skipped":0,"pct":92.16}}
,"/Users/zachleat/Code/eleventy/src/EleventyServe.js": {"lines":{"total":61,"covered":22,"skipped":0,"pct":36.07},"functions":{"total":16,"covered":9,"skipped":0,"pct":56.25},"statements":{"total":61,"covered":22,"skipped":0,"pct":36.07},"branches":{"total":41,"covered":10,"skipped":0,"pct":24.39}}
,"/Users/zachleat/Code/eleventy/src/EleventyWatchTargets.js": {"lines":{"total":49,"covered":45,"skipped":0,"pct":91.84},"functions":{"total":21,"covered":18,"skipped":0,"pct":85.71},"statements":{"total":49,"covered":45,"skipped":0,"pct":91.84},"branches":{"total":13,"covered":12,"skipped":0,"pct":92.31}}
,"/Users/zachleat/Code/eleventy/src/Template.js": {"lines":{"total":288,"covered":271,"skipped":0,"pct":94.1},"functions":{"total":48,"covered":47,"skipped":0,"pct":97.92},"statements":{"total":290,"covered":273,"skipped":0,"pct":94.14},"branches":{"total":103,"covered":88,"skipped":0,"pct":85.44}}
,"/Users/zachleat/Code/eleventy/src/TemplateCache.js": {"lines":{"total":9,"covered":9,"skipped":0,"pct":100},"functions":{"total":6,"covered":6,"skipped":0,"pct":100},"statements":{"total":9,"covered":9,"skipped":0,"pct":100},"branches":{"total":2,"covered":2,"skipped":0,"pct":100}}
,"/Users/zachleat/Code/eleventy/src/TemplateCollection.js": {"lines":{"total":32,"covered":29,"skipped":0,"pct":90.63},"functions":{"total":16,"covered":15,"skipped":0,"pct":93.75},"statements":{"total":35,"covered":32,"skipped":0,"pct":91.43},"branches":{"total":10,"covered":7,"skipped":0,"pct":70}}
,"/Users/zachleat/Code/eleventy/src/TemplateConfig.js": {"lines":{"total":57,"covered":52,"skipped":0,"pct":91.23},"functions":{"total":9,"covered":6,"skipped":0,"pct":66.67},"statements":{"total":57,"covered":52,"skipped":0,"pct":91.23},"branches":{"total":24,"covered":22,"skipped":0,"pct":91.67}}
,"/Users/zachleat/Code/eleventy/src/TemplateContent.js": {"lines":{"total":81,"covered":76,"skipped":0,"pct":93.83},"functions":{"total":17,"covered":16,"skipped":0,"pct":94.12},"statements":{"total":81,"covered":76,"skipped":0,"pct":93.83},"branches":{"total":34,"covered":31,"skipped":0,"pct":91.18}}
,"/Users/zachleat/Code/eleventy/src/TemplateData.js": {"lines":{"total":193,"covered":178,"skipped":0,"pct":92.23},"functions":{"total":34,"covered":33,"skipped":0,"pct":97.06},"statements":{"total":195,"covered":180,"skipped":0,"pct":92.31},"branches":{"total":66,"covered":55,"skipped":0,"pct":83.33}}
,"/Users/zachleat/Code/eleventy/src/TemplateFileSlug.js": {"lines":{"total":23,"covered":23,"skipped":0,"pct":100},"functions":{"total":4,"covered":4,"skipped":0,"pct":100},"statements":{"total":23,"covered":23,"skipped":0,"pct":100},"branches":{"total":8,"covered":8,"skipped":0,"pct":100}}
,"/Users/zachleat/Code/eleventy/src/TemplateGlob.js": {"lines":{"total":15,"covered":14,"skipped":0,"pct":93.33},"functions":{"total":4,"covered":4,"skipped":0,"pct":100},"statements":{"total":15,"covered":14,"skipped":0,"pct":93.33},"branches":{"total":8,"covered":7,"skipped":0,"pct":87.5}}
,"/Users/zachleat/Code/eleventy/src/TemplateLayout.js": {"lines":{"total":68,"covered":68,"skipped":0,"pct":100},"functions":{"total":9,"covered":9,"skipped":0,"pct":100},"statements":{"total":69,"covered":69,"skipped":0,"pct":100},"branches":{"total":14,"covered":14,"skipped":0,"pct":100}}
,"/Users/zachleat/Code/eleventy/src/TemplateLayoutPathResolver.js": {"lines":{"total":47,"covered":45,"skipped":0,"pct":95.74},"functions":{"total":11,"covered":11,"skipped":0,"pct":100},"statements":{"total":47,"covered":45,"skipped":0,"pct":95.74},"branches":{"total":18,"covered":16,"skipped":0,"pct":88.89}}
,"/Users/zachleat/Code/eleventy/src/TemplateMap.js": {"lines":{"total":238,"covered":233,"skipped":0,"pct":97.9},"functions":{"total":32,"covered":31,"skipped":0,"pct":96.88},"statements":{"total":238,"covered":233,"skipped":0,"pct":97.9},"branches":{"total":125,"covered":113,"skipped":0,"pct":90.4}}
,"/Users/zachleat/Code/eleventy/src/TemplatePassthrough.js": {"lines":{"total":38,"covered":36,"skipped":0,"pct":94.74},"functions":{"total":9,"covered":8,"skipped":0,"pct":88.89},"statements":{"total":38,"covered":36,"skipped":0,"pct":94.74},"branches":{"total":14,"covered":12,"skipped":0,"pct":85.71}}
,"/Users/zachleat/Code/eleventy/src/TemplatePassthroughManager.js": {"lines":{"total":67,"covered":59,"skipped":0,"pct":88.06},"functions":{"total":19,"covered":19,"skipped":0,"pct":100},"statements":{"total":67,"covered":59,"skipped":0,"pct":88.06},"branches":{"total":20,"covered":13,"skipped":0,"pct":65}}
,"/Users/zachleat/Code/eleventy/src/TemplatePath.js": {"lines":{"total":74,"covered":74,"skipped":0,"pct":100},"functions":{"total":23,"covered":22,"skipped":0,"pct":95.65},"statements":{"total":75,"covered":75,"skipped":0,"pct":100},"branches":{"total":38,"covered":38,"skipped":0,"pct":100}}
,"/Users/zachleat/Code/eleventy/src/TemplatePermalink.js": {"lines":{"total":30,"covered":30,"skipped":0,"pct":100},"functions":{"total":7,"covered":7,"skipped":0,"pct":100},"statements":{"total":30,"covered":30,"skipped":0,"pct":100},"branches":{"total":20,"covered":20,"skipped":0,"pct":100}}
,"/Users/zachleat/Code/eleventy/src/TemplatePermalinkNoWrite.js": {"lines":{"total":3,"covered":3,"skipped":0,"pct":100},"functions":{"total":2,"covered":2,"skipped":0,"pct":100},"statements":{"total":3,"covered":3,"skipped":0,"pct":100},"branches":{"total":0,"covered":0,"skipped":0,"pct":100}}
,"/Users/zachleat/Code/eleventy/src/TemplateRender.js": {"lines":{"total":77,"covered":76,"skipped":0,"pct":98.7},"functions":{"total":22,"covered":22,"skipped":0,"pct":100},"statements":{"total":77,"covered":76,"skipped":0,"pct":98.7},"branches":{"total":42,"covered":40,"skipped":0,"pct":95.24}}
,"/Users/zachleat/Code/eleventy/src/TemplateWriter.js": {"lines":{"total":93,"covered":71,"skipped":0,"pct":76.34},"functions":{"total":25,"covered":17,"skipped":0,"pct":68},"statements":{"total":93,"covered":71,"skipped":0,"pct":76.34},"branches":{"total":16,"covered":6,"skipped":0,"pct":37.5}}
,"/Users/zachleat/Code/eleventy/src/UserConfig.js": {"lines":{"total":197,"covered":115,"skipped":0,"pct":58.38},"functions":{"total":53,"covered":24,"skipped":0,"pct":45.28},"statements":{"total":198,"covered":116,"skipped":0,"pct":58.59},"branches":{"total":81,"covered":39,"skipped":0,"pct":48.15}}
,"/Users/zachleat/Code/eleventy/src/Engines/Ejs.js": {"lines":{"total":20,"covered":19,"skipped":0,"pct":95},"functions":{"total":7,"covered":6,"skipped":0,"pct":85.71},"statements":{"total":20,"covered":19,"skipped":0,"pct":95},"branches":{"total":9,"covered":8,"skipped":0,"pct":88.89}}
,"/Users/zachleat/Code/eleventy/src/Engines/Haml.js": {"lines":{"total":9,"covered":9,"skipped":0,"pct":100},"functions":{"total":3,"covered":3,"skipped":0,"pct":100},"statements":{"total":9,"covered":9,"skipped":0,"pct":100},"branches":{"total":2,"covered":2,"skipped":0,"pct":100}}
,"/Users/zachleat/Code/eleventy/src/Engines/Handlebars.js": {"lines":{"total":30,"covered":30,"skipped":0,"pct":100},"functions":{"total":9,"covered":9,"skipped":0,"pct":100},"statements":{"total":30,"covered":30,"skipped":0,"pct":100},"branches":{"total":6,"covered":5,"skipped":0,"pct":83.33}}
,"/Users/zachleat/Code/eleventy/src/Engines/Html.js": {"lines":{"total":9,"covered":9,"skipped":0,"pct":100},"functions":{"total":3,"covered":3,"skipped":0,"pct":100},"statements":{"total":9,"covered":9,"skipped":0,"pct":100},"branches":{"total":2,"covered":2,"skipped":0,"pct":100}}
,"/Users/zachleat/Code/eleventy/src/Engines/JavaScript.js": {"lines":{"total":51,"covered":50,"skipped":0,"pct":98.04},"functions":{"total":12,"covered":12,"skipped":0,"pct":100},"statements":{"total":52,"covered":51,"skipped":0,"pct":98.08},"branches":{"total":42,"covered":37,"skipped":0,"pct":88.1}}
,"/Users/zachleat/Code/eleventy/src/Engines/JavaScriptTemplateLiteral.js": {"lines":{"total":18,"covered":17,"skipped":0,"pct":94.44},"functions":{"total":3,"covered":3,"skipped":0,"pct":100},"statements":{"total":18,"covered":17,"skipped":0,"pct":94.44},"branches":{"total":6,"covered":6,"skipped":0,"pct":100}}
,"/Users/zachleat/Code/eleventy/src/Engines/Liquid.js": {"lines":{"total":73,"covered":70,"skipped":0,"pct":95.89},"functions":{"total":26,"covered":25,"skipped":0,"pct":96.15},"statements":{"total":73,"covered":70,"skipped":0,"pct":95.89},"branches":{"total":15,"covered":13,"skipped":0,"pct":86.67}}
,"/Users/zachleat/Code/eleventy/src/Engines/Markdown.js": {"lines":{"total":33,"covered":30,"skipped":0,"pct":90.91},"functions":{"total":9,"covered":8,"skipped":0,"pct":88.89},"statements":{"total":33,"covered":30,"skipped":0,"pct":90.91},"branches":{"total":16,"covered":13,"skipped":0,"pct":81.25}}
,"/Users/zachleat/Code/eleventy/src/Engines/Mustache.js": {"lines":{"total":10,"covered":10,"skipped":0,"pct":100},"functions":{"total":4,"covered":4,"skipped":0,"pct":100},"statements":{"total":10,"covered":10,"skipped":0,"pct":100},"branches":{"total":2,"covered":2,"skipped":0,"pct":100}}
,"/Users/zachleat/Code/eleventy/src/Engines/Nunjucks.js": {"lines":{"total":83,"covered":74,"skipped":0,"pct":89.16},"functions":{"total":23,"covered":22,"skipped":0,"pct":95.65},"statements":{"total":83,"covered":74,"skipped":0,"pct":89.16},"branches":{"total":29,"covered":27,"skipped":0,"pct":93.1}}
,"/Users/zachleat/Code/eleventy/src/Engines/Pug.js": {"lines":{"total":17,"covered":17,"skipped":0,"pct":100},"functions":{"total":5,"covered":5,"skipped":0,"pct":100},"statements":{"total":17,"covered":17,"skipped":0,"pct":100},"branches":{"total":9,"covered":8,"skipped":0,"pct":88.89}}
,"/Users/zachleat/Code/eleventy/src/Engines/TemplateEngine.js": {"lines":{"total":53,"covered":53,"skipped":0,"pct":100},"functions":{"total":18,"covered":18,"skipped":0,"pct":100},"statements":{"total":55,"covered":55,"skipped":0,"pct":100},"branches":{"total":8,"covered":8,"skipped":0,"pct":100}}
,"/Users/zachleat/Code/eleventy/src/Errors/TemplateContentPrematureUseError.js": {"lines":{"total":2,"covered":2,"skipped":0,"pct":100},"functions":{"total":0,"covered":0,"skipped":0,"pct":100},"statements":{"total":2,"covered":2,"skipped":0,"pct":100},"branches":{"total":0,"covered":0,"skipped":0,"pct":100}}
,"/Users/zachleat/Code/eleventy/src/Errors/UsingCircularTemplateContentReferenceError.js": {"lines":{"total":2,"covered":2,"skipped":0,"pct":100},"functions":{"total":0,"covered":0,"skipped":0,"pct":100},"statements":{"total":2,"covered":2,"skipped":0,"pct":100},"branches":{"total":0,"covered":0,"skipped":0,"pct":100}}
,"/Users/zachleat/Code/eleventy/src/Filters/Slug.js": {"lines":{"total":3,"covered":3,"skipped":0,"pct":100},"functions":{"total":1,"covered":1,"skipped":0,"pct":100},"statements":{"total":3,"covered":3,"skipped":0,"pct":100},"branches":{"total":0,"covered":0,"skipped":0,"pct":100}}
,"/Users/zachleat/Code/eleventy/src/Filters/Url.js": {"lines":{"total":18,"covered":18,"skipped":0,"pct":100},"functions":{"total":1,"covered":1,"skipped":0,"pct":100},"statements":{"total":18,"covered":18,"skipped":0,"pct":100},"branches":{"total":21,"covered":21,"skipped":0,"pct":100}}
,"/Users/zachleat/Code/eleventy/src/Plugins/Pagination.js": {"lines":{"total":115,"covered":106,"skipped":0,"pct":92.17},"functions":{"total":18,"covered":17,"skipped":0,"pct":94.44},"statements":{"total":119,"covered":110,"skipped":0,"pct":92.44},"branches":{"total":90,"covered":75,"skipped":0,"pct":83.33}}
,"/Users/zachleat/Code/eleventy/src/Util/Capitalize.js": {"lines":{"total":4,"covered":4,"skipped":0,"pct":100},"functions":{"total":2,"covered":2,"skipped":0,"pct":100},"statements":{"total":4,"covered":4,"skipped":0,"pct":100},"branches":{"total":2,"covered":2,"skipped":0,"pct":100}}
,"/Users/zachleat/Code/eleventy/src/Util/DeleteRequireCache.js": {"lines":{"total":4,"covered":4,"skipped":0,"pct":100},"functions":{"total":1,"covered":1,"skipped":0,"pct":100},"statements":{"total":4,"covered":4,"skipped":0,"pct":100},"branches":{"total":0,"covered":0,"skipped":0,"pct":100}}
,"/Users/zachleat/Code/eleventy/src/Util/Merge.js": {"lines":{"total":28,"covered":26,"skipped":0,"pct":92.86},"functions":{"total":2,"covered":2,"skipped":0,"pct":100},"statements":{"total":28,"covered":26,"skipped":0,"pct":92.86},"branches":{"total":24,"covered":21,"skipped":0,"pct":87.5}}
,"/Users/zachleat/Code/eleventy/src/Util/Pluralize.js": {"lines":{"total":2,"covered":2,"skipped":0,"pct":100},"functions":{"total":1,"covered":1,"skipped":0,"pct":100},"statements":{"total":2,"covered":2,"skipped":0,"pct":100},"branches":{"total":2,"covered":2,"skipped":0,"pct":100}}
,"/Users/zachleat/Code/eleventy/src/Util/Sortable.js": {"lines":{"total":44,"covered":42,"skipped":0,"pct":95.45},"functions":{"total":21,"covered":19,"skipped":0,"pct":90.48},"statements":{"total":45,"covered":43,"skipped":0,"pct":95.56},"branches":{"total":18,"covered":18,"skipped":0,"pct":100}}
}
